<?xml version="1.0" encoding="UTF-8"?>
<!-- Generated by org.testng.reporters.JUnitReportReporter -->
<testsuite skipped="0" hostname="DESKTOP-NQHRQLF" name="Parallel.ParallelRun" tests="3" failures="0" timestamp="27 Jun 2022 04:13:44 GMT" time="90.134" errors="0">
  <testcase name="runScenario" time="34.407" classname="Parallel.ParallelRun"/>
  <testcase name="runScenario" time="22.679" classname="Parallel.ParallelRun"/>
  <testcase name="runScenario" time="33.048" classname="Parallel.ParallelRun"/>
</testsuite> <!-- Parallel.ParallelRun -->
