<?xml version="1.0" encoding="UTF-8"?>
<!-- Generated by org.testng.reporters.JUnitReportReporter -->
<testsuite skipped="0" hostname="DESKTOP-NQHRQLF" name="Parallel.ParallelRun" tests="1" failures="0" timestamp="19 Jul 2022 11:37:41 GMT" time="10.377" errors="0">
  <testcase name="runScenario" time="10.377" classname="Parallel.ParallelRun"/>
</testsuite> <!-- Parallel.ParallelRun -->
